This is pdfTeX, Version 3.14159265-2.6-1.40.21 (MiKTeX 2.9.7400 64-bit) (preloaded format=pdflatex 2020.5.12)  14 JUL 2020 14:02
entering extended mode
**C:/Users/gulli/Documents/GitHub/LaTeX-Notes/Statistics/M2S1.tex
(C:/Users/gulli/Documents/GitHub/LaTeX-Notes/Statistics/M2S1.tex
LaTeX2e <2020-02-02> patch level 5
L3 programming layer <2020-04-06>
("C:\Users\gulli\AppData\Local\Programs\MiKTeX 2.9\tex/latex/base\article.cls"
Document Class: article 2019/12/20 v1.4l Standard LaTeX document class
("C:\Users\gulli\AppData\Local\Programs\MiKTeX 2.9\tex/latex/base\size12.clo"
File: size12.clo 2019/12/20 v1.4l Standard LaTeX file (size option)
)
\c@part=\count167
\c@section=\count168
\c@subsection=\count169
\c@subsubsection=\count170
\c@paragraph=\count171
\c@subparagraph=\count172
\c@figure=\count173
\c@table=\count174
\abovecaptionskip=\skip47
\belowcaptionskip=\skip48
\bibindent=\dimen134
)
("C:\Users\gulli\AppData\Local\Programs\MiKTeX 2.9\tex/latex/geometry\geometry.
sty"
Package: geometry 2020/01/02 v5.9 Page Geometry

("C:\Users\gulli\AppData\Local\Programs\MiKTeX 2.9\tex/latex/graphics\keyval.st
y"
Package: keyval 2014/10/28 v1.15 key=value parser (DPC)
\KV@toks@=\toks15
)
("C:\Users\gulli\AppData\Local\Programs\MiKTeX 2.9\tex/generic/iftex\ifvtex.sty
"
Package: ifvtex 2019/10/25 v1.7 ifvtex legacy package. Use iftex instead.
 ("C:\Users\gulli\AppData\Local\Programs\MiKTeX 2.9\tex/generic/iftex\iftex.sty
"
Package: iftex 2020/03/06 v1.0d TeX engine tests
))
\Gm@cnth=\count175
\Gm@cntv=\count176
\c@Gm@tempcnt=\count177
\Gm@bindingoffset=\dimen135
\Gm@wd@mp=\dimen136
\Gm@odd@mp=\dimen137
\Gm@even@mp=\dimen138
\Gm@layoutwidth=\dimen139
\Gm@layoutheight=\dimen140
\Gm@layouthoffset=\dimen141
\Gm@layoutvoffset=\dimen142
\Gm@dimlist=\toks16

("C:\Users\gulli\AppData\Local\Programs\MiKTeX 2.9\tex/latex/geometry\geometry.
cfg"))
("C:\Users\gulli\AppData\Local\Programs\MiKTeX 2.9\tex/latex/base\latexsym.sty"
Package: latexsym 1998/08/17 v2.2e Standard LaTeX package (lasy symbols)
\symlasy=\mathgroup4
LaTeX Font Info:    Overwriting symbol font `lasy' in version `bold'
(Font)                  U/lasy/m/n --> U/lasy/b/n on input line 52.
)
("C:\Users\gulli\AppData\Local\Programs\MiKTeX 2.9\tex/latex/amsfonts\amssymb.s
ty"
Package: amssymb 2013/01/14 v3.01 AMS font symbols

("C:\Users\gulli\AppData\Local\Programs\MiKTeX 2.9\tex/latex/amsfonts\amsfonts.
sty"
Package: amsfonts 2013/01/14 v3.01 Basic AMSFonts support
\@emptytoks=\toks17
\symAMSa=\mathgroup5
\symAMSb=\mathgroup6
LaTeX Font Info:    Redeclaring math symbol \hbar on input line 98.
LaTeX Font Info:    Overwriting math alphabet `\mathfrak' in version `bold'
(Font)                  U/euf/m/n --> U/euf/b/n on input line 106.
))
("C:\Users\gulli\AppData\Local\Programs\MiKTeX 2.9\tex/latex/amsmath\amsmath.st
y"
Package: amsmath 2020/01/20 v2.17e AMS math features
\@mathmargin=\skip49

For additional information on amsmath, use the `?' option.

("C:\Users\gulli\AppData\Local\Programs\MiKTeX 2.9\tex/latex/amsmath\amstext.st
y"
Package: amstext 2000/06/29 v2.01 AMS text

("C:\Users\gulli\AppData\Local\Programs\MiKTeX 2.9\tex/latex/amsmath\amsgen.sty
"
File: amsgen.sty 1999/11/30 v2.0 generic functions
\@emptytoks=\toks18
\ex@=\dimen143
))
("C:\Users\gulli\AppData\Local\Programs\MiKTeX 2.9\tex/latex/amsmath\amsbsy.sty
"
Package: amsbsy 1999/11/29 v1.2d Bold Symbols
\pmbraise@=\dimen144
)
("C:\Users\gulli\AppData\Local\Programs\MiKTeX 2.9\tex/latex/amsmath\amsopn.sty
"
Package: amsopn 2016/03/08 v2.02 operator names
)
\inf@bad=\count178
LaTeX Info: Redefining \frac on input line 227.
\uproot@=\count179
\leftroot@=\count180
LaTeX Info: Redefining \overline on input line 389.
\classnum@=\count181
\DOTSCASE@=\count182
LaTeX Info: Redefining \ldots on input line 486.
LaTeX Info: Redefining \dots on input line 489.
LaTeX Info: Redefining \cdots on input line 610.
\Mathstrutbox@=\box45
\strutbox@=\box46
\big@size=\dimen145
LaTeX Font Info:    Redeclaring font encoding OML on input line 733.
LaTeX Font Info:    Redeclaring font encoding OMS on input line 734.
\macc@depth=\count183
\c@MaxMatrixCols=\count184
\dotsspace@=\muskip16
\c@parentequation=\count185
\dspbrk@lvl=\count186
\tag@help=\toks19
\row@=\count187
\column@=\count188
\maxfields@=\count189
\andhelp@=\toks20
\eqnshift@=\dimen146
\alignsep@=\dimen147
\tagshift@=\dimen148
\tagwidth@=\dimen149
\totwidth@=\dimen150
\lineht@=\dimen151
\@envbody=\toks21
\multlinegap=\skip50
\multlinetaggap=\skip51
\mathdisplay@stack=\toks22
LaTeX Info: Redefining \[ on input line 2859.
LaTeX Info: Redefining \] on input line 2860.
)
("C:\Users\gulli\AppData\Local\Programs\MiKTeX 2.9\tex/latex/amscls\amsthm.sty"
Package: amsthm 2017/10/31 v2.20.4
\thm@style=\toks23
\thm@bodyfont=\toks24
\thm@headfont=\toks25
\thm@notefont=\toks26
\thm@headpunct=\toks27
\thm@preskip=\skip52
\thm@postskip=\skip53
\thm@headsep=\skip54
\dth@everypar=\toks28
)
("C:\Users\gulli\AppData\Local\Programs\MiKTeX 2.9\tex/latex/graphics\graphicx.
sty"
Package: graphicx 2019/11/30 v1.2a Enhanced LaTeX Graphics (DPC,SPQR)

("C:\Users\gulli\AppData\Local\Programs\MiKTeX 2.9\tex/latex/graphics\graphics.
sty"
Package: graphics 2019/11/30 v1.4a Standard LaTeX Graphics (DPC,SPQR)

("C:\Users\gulli\AppData\Local\Programs\MiKTeX 2.9\tex/latex/graphics\trig.sty"
Package: trig 2016/01/03 v1.10 sin cos tan (DPC)
)
("C:\Users\gulli\AppData\Local\Programs\MiKTeX 2.9\tex/latex/graphics-cfg\graph
ics.cfg"
File: graphics.cfg 2016/06/04 v1.11 sample graphics configuration
)
Package graphics Info: Driver file: pdftex.def on input line 105.

("C:\Users\gulli\AppData\Local\Programs\MiKTeX 2.9\tex/latex/graphics-def\pdfte
x.def"
File: pdftex.def 2018/01/08 v1.0l Graphics/color driver for pdftex
))
\Gin@req@height=\dimen152
\Gin@req@width=\dimen153
)
("C:\Users\gulli\AppData\Local\Programs\MiKTeX 2.9\tex/latex/tools\multicol.sty
"
Package: multicol 2019/12/09 v1.8y multicolumn formatting (FMi)
\c@tracingmulticols=\count190
\mult@box=\box47
\multicol@leftmargin=\dimen154
\c@unbalance=\count191
\c@collectmore=\count192
\doublecol@number=\count193
\multicoltolerance=\count194
\multicolpretolerance=\count195
\full@width=\dimen155
\page@free=\dimen156
\premulticols=\dimen157
\postmulticols=\dimen158
\multicolsep=\skip55
\multicolbaselineskip=\skip56
\partial@page=\box48
\last@line=\box49
\maxbalancingoverflow=\dimen159
\mult@rightbox=\box50
\mult@grightbox=\box51
\mult@gfirstbox=\box52
\mult@firstbox=\box53
\@tempa=\box54
\@tempa=\box55
\@tempa=\box56
\@tempa=\box57
\@tempa=\box58
\@tempa=\box59
\@tempa=\box60
\@tempa=\box61
\@tempa=\box62
\@tempa=\box63
\@tempa=\box64
\@tempa=\box65
\@tempa=\box66
\@tempa=\box67
\@tempa=\box68
\@tempa=\box69
\@tempa=\box70
\@tempa=\box71
\@tempa=\box72
\@tempa=\box73
\@tempa=\box74
\@tempa=\box75
\@tempa=\box76
\@tempa=\box77
\@tempa=\box78
\@tempa=\box79
\@tempa=\box80
\@tempa=\box81
\@tempa=\box82
\@tempa=\box83
\@tempa=\box84
\@tempa=\box85
\@tempa=\box86
\@tempa=\box87
\@tempa=\box88
\@tempa=\box89
\@tempa=\box90
\c@minrows=\count196
\c@columnbadness=\count197
\c@finalcolumnbadness=\count198
\last@try=\dimen160
\multicolovershoot=\dimen161
\multicolundershoot=\dimen162
\mult@nat@firstbox=\box91
\colbreak@box=\box92
\mc@col@check@num=\count199
)
("C:\Users\gulli\AppData\Local\Programs\MiKTeX 2.9\tex/latex/graphics\color.sty
"
Package: color 2019/11/23 v1.2a Standard LaTeX Color (DPC)

("C:\Users\gulli\AppData\Local\Programs\MiKTeX 2.9\tex/latex/graphics-cfg\color
.cfg"
File: color.cfg 2016/01/02 v1.6 sample color configuration
)
Package color Info: Driver file: pdftex.def on input line 147.
)
("C:\Users\gulli\AppData\Local\Programs\MiKTeX 2.9\tex/latex/psnfss\mathpazo.st
y"
Package: mathpazo 2020/03/25 PSNFSS-v9.3 Palatino w/ Pazo Math (D.Puga, WaS) 
\symupright=\mathgroup7
)
("C:\Users\gulli\AppData\Local\Programs\MiKTeX 2.9\tex/latex/psnfss\mathptmx.st
y"
Package: mathptmx 2020/03/25 PSNFSS-v9.3 Times w/ Math, improved (SPQR, WaS) 
LaTeX Font Info:    Redeclaring symbol font `operators' on input line 28.
LaTeX Font Info:    Overwriting symbol font `operators' in version `normal'
(Font)                  OT1/ppl/m/n --> OT1/ztmcm/m/n on input line 28.
LaTeX Font Info:    Overwriting symbol font `operators' in version `bold'
(Font)                  OT1/ppl/b/n --> OT1/ztmcm/m/n on input line 28.
LaTeX Font Info:    Redeclaring symbol font `letters' on input line 29.
LaTeX Font Info:    Overwriting symbol font `letters' in version `normal'
(Font)                  OML/zplm/m/it --> OML/ztmcm/m/it on input line 29.
LaTeX Font Info:    Overwriting symbol font `letters' in version `bold'
(Font)                  OML/zplm/b/it --> OML/ztmcm/m/it on input line 29.
LaTeX Font Info:    Redeclaring symbol font `symbols' on input line 30.
LaTeX Font Info:    Overwriting symbol font `symbols' in version `normal'
(Font)                  OMS/zplm/m/n --> OMS/ztmcm/m/n on input line 30.
LaTeX Font Info:    Overwriting symbol font `symbols' in version `bold'
(Font)                  OMS/zplm/b/n --> OMS/ztmcm/m/n on input line 30.
LaTeX Font Info:    Redeclaring symbol font `largesymbols' on input line 31.
LaTeX Font Info:    Overwriting symbol font `largesymbols' in version `normal'
(Font)                  OMX/zplm/m/n --> OMX/ztmcm/m/n on input line 31.
LaTeX Font Info:    Overwriting symbol font `largesymbols' in version `bold'
(Font)                  OMX/zplm/m/n --> OMX/ztmcm/m/n on input line 31.
\symbold=\mathgroup8
\symitalic=\mathgroup9
LaTeX Font Info:    Redeclaring math alphabet \mathbf on input line 34.
LaTeX Font Info:    Overwriting math alphabet `\mathbf' in version `normal'
(Font)                  OT1/zplm/b/n --> OT1/ptm/bx/n on input line 34.
LaTeX Font Info:    Overwriting math alphabet `\mathbf' in version `bold'
(Font)                  OT1/zplm/b/n --> OT1/ptm/bx/n on input line 34.
LaTeX Font Info:    Redeclaring math alphabet \mathit on input line 35.
LaTeX Font Info:    Overwriting math alphabet `\mathit' in version `normal'
(Font)                  OT1/ppl/m/it --> OT1/ptm/m/it on input line 35.
LaTeX Font Info:    Overwriting math alphabet `\mathit' in version `bold'
(Font)                  OT1/ppl/b/it --> OT1/ptm/m/it on input line 35.
LaTeX Info: Redefining \hbar on input line 50.
LaTeX Font Info:    Redeclaring math symbol \upGamma on input line 93.
LaTeX Font Info:    Redeclaring math symbol \upDelta on input line 94.
LaTeX Font Info:    Redeclaring math symbol \upTheta on input line 95.
LaTeX Font Info:    Redeclaring math symbol \upLambda on input line 96.
LaTeX Font Info:    Redeclaring math symbol \upXi on input line 97.
LaTeX Font Info:    Redeclaring math symbol \upPi on input line 98.
LaTeX Font Info:    Redeclaring math symbol \upSigma on input line 99.
LaTeX Font Info:    Redeclaring math symbol \upUpsilon on input line 100.
LaTeX Font Info:    Redeclaring math symbol \upPhi on input line 101.
LaTeX Font Info:    Redeclaring math symbol \upPsi on input line 102.
LaTeX Font Info:    Redeclaring math symbol \upOmega on input line 103.
)
("C:\Users\gulli\AppData\Local\Programs\MiKTeX 2.9\tex/latex/amsfonts\euscript.
sty"
Package: euscript 2009/06/22 v3.00 Euler Script fonts
LaTeX Font Info:    Overwriting math alphabet `\EuScript' in version `bold'
(Font)                  U/eus/m/n --> U/eus/b/n on input line 33.
)
("C:\Users\gulli\AppData\Local\Programs\MiKTeX 2.9\tex/latex/pgf/frontendlayer\
tikz.sty"
("C:\Users\gulli\AppData\Local\Programs\MiKTeX 2.9\tex/latex/pgf/basiclayer\pgf
.sty"
("C:\Users\gulli\AppData\Local\Programs\MiKTeX 2.9\tex/latex/pgf/utilities\pgfr
cs.sty"
("C:\Users\gulli\AppData\Local\Programs\MiKTeX 2.9\tex/generic/pgf/utilities\pg
futil-common.tex"
\pgfutil@everybye=\toks29
\pgfutil@tempdima=\dimen163
\pgfutil@tempdimb=\dimen164

("C:\Users\gulli\AppData\Local\Programs\MiKTeX 2.9\tex/generic/pgf/utilities\pg
futil-common-lists.tex"))
("C:\Users\gulli\AppData\Local\Programs\MiKTeX 2.9\tex/generic/pgf/utilities\pg
futil-latex.def"
\pgfutil@abb=\box93

("C:\Users\gulli\AppData\Local\Programs\MiKTeX 2.9\tex/latex/ms\everyshi.sty"
Package: everyshi 2001/05/15 v3.00 EveryShipout Package (MS)
))
("C:\Users\gulli\AppData\Local\Programs\MiKTeX 2.9\tex/generic/pgf/utilities\pg
frcs.code.tex"
("C:\Users\gulli\AppData\Local\Programs\MiKTeX 2.9\tex/generic/pgf\pgf.revision
.tex")
Package: pgfrcs 2020/01/08 v3.1.5b (3.1.5b)
))
Package: pgf 2020/01/08 v3.1.5b (3.1.5b)

("C:\Users\gulli\AppData\Local\Programs\MiKTeX 2.9\tex/latex/pgf/basiclayer\pgf
core.sty"
("C:\Users\gulli\AppData\Local\Programs\MiKTeX 2.9\tex/latex/pgf/systemlayer\pg
fsys.sty"
("C:\Users\gulli\AppData\Local\Programs\MiKTeX 2.9\tex/generic/pgf/systemlayer\
pgfsys.code.tex"
Package: pgfsys 2020/01/08 v3.1.5b (3.1.5b)

("C:\Users\gulli\AppData\Local\Programs\MiKTeX 2.9\tex/generic/pgf/utilities\pg
fkeys.code.tex"
\pgfkeys@pathtoks=\toks30
\pgfkeys@temptoks=\toks31

("C:\Users\gulli\AppData\Local\Programs\MiKTeX 2.9\tex/generic/pgf/utilities\pg
fkeysfiltered.code.tex"
\pgfkeys@tmptoks=\toks32
))
\pgf@x=\dimen165
\pgf@y=\dimen166
\pgf@xa=\dimen167
\pgf@ya=\dimen168
\pgf@xb=\dimen169
\pgf@yb=\dimen170
\pgf@xc=\dimen171
\pgf@yc=\dimen172
\pgf@xd=\dimen173
\pgf@yd=\dimen174
\w@pgf@writea=\write3
\r@pgf@reada=\read2
\c@pgf@counta=\count266
\c@pgf@countb=\count267
\c@pgf@countc=\count268
\c@pgf@countd=\count269
\t@pgf@toka=\toks33
\t@pgf@tokb=\toks34
\t@pgf@tokc=\toks35
\pgf@sys@id@count=\count270

("C:\Users\gulli\AppData\Local\Programs\MiKTeX 2.9\tex/generic/pgf/systemlayer\
pgf.cfg"
File: pgf.cfg 2020/01/08 v3.1.5b (3.1.5b)
)
Driver file for pgf: pgfsys-pdftex.def

("C:\Users\gulli\AppData\Local\Programs\MiKTeX 2.9\tex/generic/pgf/systemlayer\
pgfsys-pdftex.def"
File: pgfsys-pdftex.def 2020/01/08 v3.1.5b (3.1.5b)

("C:\Users\gulli\AppData\Local\Programs\MiKTeX 2.9\tex/generic/pgf/systemlayer\
pgfsys-common-pdf.def"
File: pgfsys-common-pdf.def 2020/01/08 v3.1.5b (3.1.5b)
)))
("C:\Users\gulli\AppData\Local\Programs\MiKTeX 2.9\tex/generic/pgf/systemlayer\
pgfsyssoftpath.code.tex"
File: pgfsyssoftpath.code.tex 2020/01/08 v3.1.5b (3.1.5b)
\pgfsyssoftpath@smallbuffer@items=\count271
\pgfsyssoftpath@bigbuffer@items=\count272
)
("C:\Users\gulli\AppData\Local\Programs\MiKTeX 2.9\tex/generic/pgf/systemlayer\
pgfsysprotocol.code.tex"
File: pgfsysprotocol.code.tex 2020/01/08 v3.1.5b (3.1.5b)
))
("C:\Users\gulli\AppData\Local\Programs\MiKTeX 2.9\tex/latex/xcolor\xcolor.sty"
Package: xcolor 2016/05/11 v2.12 LaTeX color extensions (UK)

("C:\Users\gulli\AppData\Local\Programs\MiKTeX 2.9\tex/latex/graphics-cfg\color
.cfg"
File: color.cfg 2016/01/02 v1.6 sample color configuration
)
Package xcolor Info: Driver file: pdftex.def on input line 225.
LaTeX Info: Redefining \color on input line 709.
Package xcolor Info: Model `cmy' substituted by `cmy0' on input line 1348.
Package xcolor Info: Model `hsb' substituted by `rgb' on input line 1352.
Package xcolor Info: Model `RGB' extended on input line 1364.
Package xcolor Info: Model `HTML' substituted by `rgb' on input line 1366.
Package xcolor Info: Model `Hsb' substituted by `hsb' on input line 1367.
Package xcolor Info: Model `tHsb' substituted by `hsb' on input line 1368.
Package xcolor Info: Model `HSB' substituted by `hsb' on input line 1369.
Package xcolor Info: Model `Gray' substituted by `gray' on input line 1370.
Package xcolor Info: Model `wave' substituted by `hsb' on input line 1371.
)
("C:\Users\gulli\AppData\Local\Programs\MiKTeX 2.9\tex/generic/pgf/basiclayer\p
gfcore.code.tex"
Package: pgfcore 2020/01/08 v3.1.5b (3.1.5b)

("C:\Users\gulli\AppData\Local\Programs\MiKTeX 2.9\tex/generic/pgf/math\pgfmath
.code.tex"
("C:\Users\gulli\AppData\Local\Programs\MiKTeX 2.9\tex/generic/pgf/math\pgfmath
calc.code.tex"
("C:\Users\gulli\AppData\Local\Programs\MiKTeX 2.9\tex/generic/pgf/math\pgfmath
util.code.tex")
("C:\Users\gulli\AppData\Local\Programs\MiKTeX 2.9\tex/generic/pgf/math\pgfmath
parser.code.tex"
\pgfmath@dimen=\dimen175
\pgfmath@count=\count273
\pgfmath@box=\box94
\pgfmath@toks=\toks36
\pgfmath@stack@operand=\toks37
\pgfmath@stack@operation=\toks38
)
("C:\Users\gulli\AppData\Local\Programs\MiKTeX 2.9\tex/generic/pgf/math\pgfmath
functions.code.tex"
("C:\Users\gulli\AppData\Local\Programs\MiKTeX 2.9\tex/generic/pgf/math\pgfmath
functions.basic.code.tex")
("C:\Users\gulli\AppData\Local\Programs\MiKTeX 2.9\tex/generic/pgf/math\pgfmath
functions.trigonometric.code.tex")
("C:\Users\gulli\AppData\Local\Programs\MiKTeX 2.9\tex/generic/pgf/math\pgfmath
functions.random.code.tex")
("C:\Users\gulli\AppData\Local\Programs\MiKTeX 2.9\tex/generic/pgf/math\pgfmath
functions.comparison.code.tex")
("C:\Users\gulli\AppData\Local\Programs\MiKTeX 2.9\tex/generic/pgf/math\pgfmath
functions.base.code.tex")
("C:\Users\gulli\AppData\Local\Programs\MiKTeX 2.9\tex/generic/pgf/math\pgfmath
functions.round.code.tex")
("C:\Users\gulli\AppData\Local\Programs\MiKTeX 2.9\tex/generic/pgf/math\pgfmath
functions.misc.code.tex")
("C:\Users\gulli\AppData\Local\Programs\MiKTeX 2.9\tex/generic/pgf/math\pgfmath
functions.integerarithmetics.code.tex")))
("C:\Users\gulli\AppData\Local\Programs\MiKTeX 2.9\tex/generic/pgf/math\pgfmath
float.code.tex"
\c@pgfmathroundto@lastzeros=\count274
))
("C:\Users\gulli\AppData\Local\Programs\MiKTeX 2.9\tex/generic/pgf/math\pgfint.
code.tex")
("C:\Users\gulli\AppData\Local\Programs\MiKTeX 2.9\tex/generic/pgf/basiclayer\p
gfcorepoints.code.tex"
File: pgfcorepoints.code.tex 2020/01/08 v3.1.5b (3.1.5b)
\pgf@picminx=\dimen176
\pgf@picmaxx=\dimen177
\pgf@picminy=\dimen178
\pgf@picmaxy=\dimen179
\pgf@pathminx=\dimen180
\pgf@pathmaxx=\dimen181
\pgf@pathminy=\dimen182
\pgf@pathmaxy=\dimen183
\pgf@xx=\dimen184
\pgf@xy=\dimen185
\pgf@yx=\dimen186
\pgf@yy=\dimen187
\pgf@zx=\dimen188
\pgf@zy=\dimen189
)
("C:\Users\gulli\AppData\Local\Programs\MiKTeX 2.9\tex/generic/pgf/basiclayer\p
gfcorepathconstruct.code.tex"
File: pgfcorepathconstruct.code.tex 2020/01/08 v3.1.5b (3.1.5b)
\pgf@path@lastx=\dimen190
\pgf@path@lasty=\dimen191
)
("C:\Users\gulli\AppData\Local\Programs\MiKTeX 2.9\tex/generic/pgf/basiclayer\p
gfcorepathusage.code.tex"
File: pgfcorepathusage.code.tex 2020/01/08 v3.1.5b (3.1.5b)
\pgf@shorten@end@additional=\dimen192
\pgf@shorten@start@additional=\dimen193
)
("C:\Users\gulli\AppData\Local\Programs\MiKTeX 2.9\tex/generic/pgf/basiclayer\p
gfcorescopes.code.tex"
File: pgfcorescopes.code.tex 2020/01/08 v3.1.5b (3.1.5b)
\pgfpic=\box95
\pgf@hbox=\box96
\pgf@layerbox@main=\box97
\pgf@picture@serial@count=\count275
)
("C:\Users\gulli\AppData\Local\Programs\MiKTeX 2.9\tex/generic/pgf/basiclayer\p
gfcoregraphicstate.code.tex"
File: pgfcoregraphicstate.code.tex 2020/01/08 v3.1.5b (3.1.5b)
\pgflinewidth=\dimen194
)
("C:\Users\gulli\AppData\Local\Programs\MiKTeX 2.9\tex/generic/pgf/basiclayer\p
gfcoretransformations.code.tex"
File: pgfcoretransformations.code.tex 2020/01/08 v3.1.5b (3.1.5b)
\pgf@pt@x=\dimen195
\pgf@pt@y=\dimen196
\pgf@pt@temp=\dimen197
)
("C:\Users\gulli\AppData\Local\Programs\MiKTeX 2.9\tex/generic/pgf/basiclayer\p
gfcorequick.code.tex"
File: pgfcorequick.code.tex 2020/01/08 v3.1.5b (3.1.5b)
)
("C:\Users\gulli\AppData\Local\Programs\MiKTeX 2.9\tex/generic/pgf/basiclayer\p
gfcoreobjects.code.tex"
File: pgfcoreobjects.code.tex 2020/01/08 v3.1.5b (3.1.5b)
)
("C:\Users\gulli\AppData\Local\Programs\MiKTeX 2.9\tex/generic/pgf/basiclayer\p
gfcorepathprocessing.code.tex"
File: pgfcorepathprocessing.code.tex 2020/01/08 v3.1.5b (3.1.5b)
)
("C:\Users\gulli\AppData\Local\Programs\MiKTeX 2.9\tex/generic/pgf/basiclayer\p
gfcorearrows.code.tex"
File: pgfcorearrows.code.tex 2020/01/08 v3.1.5b (3.1.5b)
\pgfarrowsep=\dimen198
)
("C:\Users\gulli\AppData\Local\Programs\MiKTeX 2.9\tex/generic/pgf/basiclayer\p
gfcoreshade.code.tex"
File: pgfcoreshade.code.tex 2020/01/08 v3.1.5b (3.1.5b)
\pgf@max=\dimen199
\pgf@sys@shading@range@num=\count276
\pgf@shadingcount=\count277
)
("C:\Users\gulli\AppData\Local\Programs\MiKTeX 2.9\tex/generic/pgf/basiclayer\p
gfcoreimage.code.tex"
File: pgfcoreimage.code.tex 2020/01/08 v3.1.5b (3.1.5b)

("C:\Users\gulli\AppData\Local\Programs\MiKTeX 2.9\tex/generic/pgf/basiclayer\p
gfcoreexternal.code.tex"
File: pgfcoreexternal.code.tex 2020/01/08 v3.1.5b (3.1.5b)
\pgfexternal@startupbox=\box98
))
("C:\Users\gulli\AppData\Local\Programs\MiKTeX 2.9\tex/generic/pgf/basiclayer\p
gfcorelayers.code.tex"
File: pgfcorelayers.code.tex 2020/01/08 v3.1.5b (3.1.5b)
)
("C:\Users\gulli\AppData\Local\Programs\MiKTeX 2.9\tex/generic/pgf/basiclayer\p
gfcoretransparency.code.tex"
File: pgfcoretransparency.code.tex 2020/01/08 v3.1.5b (3.1.5b)
)
("C:\Users\gulli\AppData\Local\Programs\MiKTeX 2.9\tex/generic/pgf/basiclayer\p
gfcorepatterns.code.tex"
File: pgfcorepatterns.code.tex 2020/01/08 v3.1.5b (3.1.5b)
)
("C:\Users\gulli\AppData\Local\Programs\MiKTeX 2.9\tex/generic/pgf/basiclayer\p
gfcorerdf.code.tex"
File: pgfcorerdf.code.tex 2020/01/08 v3.1.5b (3.1.5b)
)))
("C:\Users\gulli\AppData\Local\Programs\MiKTeX 2.9\tex/generic/pgf/modules\pgfm
oduleshapes.code.tex"
File: pgfmoduleshapes.code.tex 2020/01/08 v3.1.5b (3.1.5b)
\pgfnodeparttextbox=\box99
)
("C:\Users\gulli\AppData\Local\Programs\MiKTeX 2.9\tex/generic/pgf/modules\pgfm
oduleplot.code.tex"
File: pgfmoduleplot.code.tex 2020/01/08 v3.1.5b (3.1.5b)
)
("C:\Users\gulli\AppData\Local\Programs\MiKTeX 2.9\tex/latex/pgf/compatibility\
pgfcomp-version-0-65.sty"
Package: pgfcomp-version-0-65 2020/01/08 v3.1.5b (3.1.5b)
\pgf@nodesepstart=\dimen256
\pgf@nodesepend=\dimen257
)
("C:\Users\gulli\AppData\Local\Programs\MiKTeX 2.9\tex/latex/pgf/compatibility\
pgfcomp-version-1-18.sty"
Package: pgfcomp-version-1-18 2020/01/08 v3.1.5b (3.1.5b)
))
("C:\Users\gulli\AppData\Local\Programs\MiKTeX 2.9\tex/latex/pgf/utilities\pgff
or.sty"
("C:\Users\gulli\AppData\Local\Programs\MiKTeX 2.9\tex/latex/pgf/utilities\pgfk
eys.sty"
("C:\Users\gulli\AppData\Local\Programs\MiKTeX 2.9\tex/generic/pgf/utilities\pg
fkeys.code.tex"))
("C:\Users\gulli\AppData\Local\Programs\MiKTeX 2.9\tex/latex/pgf/math\pgfmath.s
ty"
("C:\Users\gulli\AppData\Local\Programs\MiKTeX 2.9\tex/generic/pgf/math\pgfmath
.code.tex"))
("C:\Users\gulli\AppData\Local\Programs\MiKTeX 2.9\tex/generic/pgf/utilities\pg
ffor.code.tex"
Package: pgffor 2020/01/08 v3.1.5b (3.1.5b)

("C:\Users\gulli\AppData\Local\Programs\MiKTeX 2.9\tex/generic/pgf/math\pgfmath
.code.tex")
\pgffor@iter=\dimen258
\pgffor@skip=\dimen259
\pgffor@stack=\toks39
\pgffor@toks=\toks40
))
("C:\Users\gulli\AppData\Local\Programs\MiKTeX 2.9\tex/generic/pgf/frontendlaye
r/tikz\tikz.code.tex"
Package: tikz 2020/01/08 v3.1.5b (3.1.5b)

("C:\Users\gulli\AppData\Local\Programs\MiKTeX 2.9\tex/generic/pgf/libraries\pg
flibraryplothandlers.code.tex"
File: pgflibraryplothandlers.code.tex 2020/01/08 v3.1.5b (3.1.5b)
\pgf@plot@mark@count=\count278
\pgfplotmarksize=\dimen260
)
\tikz@lastx=\dimen261
\tikz@lasty=\dimen262
\tikz@lastxsaved=\dimen263
\tikz@lastysaved=\dimen264
\tikz@lastmovetox=\dimen265
\tikz@lastmovetoy=\dimen266
\tikzleveldistance=\dimen267
\tikzsiblingdistance=\dimen268
\tikz@figbox=\box100
\tikz@figbox@bg=\box101
\tikz@tempbox=\box102
\tikz@tempbox@bg=\box103
\tikztreelevel=\count279
\tikznumberofchildren=\count280
\tikznumberofcurrentchild=\count281
\tikz@fig@count=\count282

("C:\Users\gulli\AppData\Local\Programs\MiKTeX 2.9\tex/generic/pgf/modules\pgfm
odulematrix.code.tex"
File: pgfmodulematrix.code.tex 2020/01/08 v3.1.5b (3.1.5b)
\pgfmatrixcurrentrow=\count283
\pgfmatrixcurrentcolumn=\count284
\pgf@matrix@numberofcolumns=\count285
)
\tikz@expandcount=\count286

("C:\Users\gulli\AppData\Local\Programs\MiKTeX 2.9\tex/generic/pgf/frontendlaye
r/tikz/libraries\tikzlibrarytopaths.code.tex"
File: tikzlibrarytopaths.code.tex 2020/01/08 v3.1.5b (3.1.5b)
)))
("C:\Users\gulli\AppData\Local\Programs\MiKTeX 2.9\tex/generic/pgf/frontendlaye
r/tikz/libraries\tikzlibraryarrows.code.tex"
File: tikzlibraryarrows.code.tex 2020/01/08 v3.1.5b (3.1.5b)

("C:\Users\gulli\AppData\Local\Programs\MiKTeX 2.9\tex/generic/pgf/libraries\pg
flibraryarrows.code.tex"
File: pgflibraryarrows.code.tex 2020/01/08 v3.1.5b (3.1.5b)
\arrowsize=\dimen269
))
("C:\Users\gulli\AppData\Local\Programs\MiKTeX 2.9\tex/latex/fancyhdr\fancyhdr.
sty"
Package: fancyhdr 2019/01/31 v3.10 Extensive control of page headers and footer
s
\f@nch@headwidth=\skip57
\f@nch@O@elh=\skip58
\f@nch@O@erh=\skip59
\f@nch@O@olh=\skip60
\f@nch@O@orh=\skip61
\f@nch@O@elf=\skip62
\f@nch@O@erf=\skip63
\f@nch@O@olf=\skip64
\f@nch@O@orf=\skip65
)
("C:\Users\gulli\AppData\Local\Programs\MiKTeX 2.9\tex/latex/tools\enumerate.st
y"
Package: enumerate 2015/07/23 v3.00 enumerate extensions (DPC)
\@enLab=\toks41
)
\c@thm=\count287
\c@qn=\count288
\c@postulate=\count289

("C:\Users\gulli\AppData\Local\Programs\MiKTeX 2.9\tex/latex/l3backend\l3backen
d-pdfmode.def"
File: l3backend-pdfmode.def 2020-03-12 L3 backend support: PDF mode
\l__kernel_color_stack_int=\count290
\l__pdf_internal_box=\box104
)
No file M2S1.aux.
\openout1 = `M2S1.aux'.

LaTeX Font Info:    Checking defaults for OML/cmm/m/it on input line 80.
LaTeX Font Info:    ... okay on input line 80.
LaTeX Font Info:    Checking defaults for OMS/cmsy/m/n on input line 80.
LaTeX Font Info:    ... okay on input line 80.
LaTeX Font Info:    Checking defaults for OT1/cmr/m/n on input line 80.
LaTeX Font Info:    ... okay on input line 80.
LaTeX Font Info:    Checking defaults for T1/cmr/m/n on input line 80.
LaTeX Font Info:    ... okay on input line 80.
LaTeX Font Info:    Checking defaults for TS1/cmr/m/n on input line 80.
LaTeX Font Info:    ... okay on input line 80.
LaTeX Font Info:    Checking defaults for OMX/cmex/m/n on input line 80.
LaTeX Font Info:    ... okay on input line 80.
LaTeX Font Info:    Checking defaults for U/cmr/m/n on input line 80.
LaTeX Font Info:    ... okay on input line 80.
LaTeX Font Info:    Trying to load font information for OT1+ptm on input line 8
0.
("C:\Users\gulli\AppData\Local\Programs\MiKTeX 2.9\tex/latex/psnfss\ot1ptm.fd"
File: ot1ptm.fd 2001/06/04 font definitions for OT1/ptm.
)
*geometry* driver: auto-detecting
*geometry* detected driver: pdftex
*geometry* verbose mode - [ preamble ] result:
* driver: pdftex
* paper: a4paper
* layout: <same size as paper>
* layoutoffset:(h,v)=(0.0pt,0.0pt)
* modes: 
* h-part:(L,W,R)=(71.13188pt, 455.24411pt, 71.13188pt)
* v-part:(T,H,B)=(56.9055pt, 731.23584pt, 56.9055pt)
* \paperwidth=597.50787pt
* \paperheight=845.04684pt
* \textwidth=455.24411pt
* \textheight=731.23584pt
* \oddsidemargin=-1.1381pt
* \evensidemargin=-1.1381pt
* \topmargin=-52.36449pt
* \headheight=14.5pt
* \headsep=25.0pt
* \topskip=12.0pt
* \footskip=30.0pt
* \marginparwidth=35.0pt
* \marginparsep=10.0pt
* \columnsep=5.69054pt
* \skip\footins=10.8pt plus 4.0pt minus 2.0pt
* \hoffset=0.0pt
* \voffset=0.0pt
* \mag=1000
* \@twocolumnfalse
* \@twosidefalse
* \@mparswitchfalse
* \@reversemarginfalse
* (1in=72.27pt=25.4mm, 1cm=28.453pt)


("C:\Users\gulli\AppData\Local\Programs\MiKTeX 2.9\tex/context/base/mkii\supp-p
df.mkii"
[Loading MPS to PDF converter (version 2006.09.02).]
\scratchcounter=\count291
\scratchdimen=\dimen270
\scratchbox=\box105
\nofMPsegments=\count292
\nofMParguments=\count293
\everyMPshowfont=\toks42
\MPscratchCnt=\count294
\MPscratchDim=\dimen271
\MPnumerator=\count295
\makeMPintoPDFobject=\count296
\everyMPtoPDFconversion=\toks43
)
("C:\Users\gulli\AppData\Local\Programs\MiKTeX 2.9\tex/latex/epstopdf-pkg\epsto
pdf-base.sty"
Package: epstopdf-base 2020-01-24 v2.11 Base part for package epstopdf
Package epstopdf-base Info: Redefining graphics rule for `.eps' on input line 4
85.
) ABD: EveryShipout initializing macros
LaTeX Font Info:    Trying to load font information for OT1+ztmcm on input line
 82.

("C:\Users\gulli\AppData\Local\Programs\MiKTeX 2.9\tex/latex/psnfss\ot1ztmcm.fd
"
File: ot1ztmcm.fd 2000/01/03 Fontinst v1.801 font definitions for OT1/ztmcm.
)
LaTeX Font Info:    Trying to load font information for OML+ztmcm on input line
 82.

("C:\Users\gulli\AppData\Local\Programs\MiKTeX 2.9\tex/latex/psnfss\omlztmcm.fd
"
File: omlztmcm.fd 2000/01/03 Fontinst v1.801 font definitions for OML/ztmcm.
)
LaTeX Font Info:    Trying to load font information for OMS+ztmcm on input line
 82.

("C:\Users\gulli\AppData\Local\Programs\MiKTeX 2.9\tex/latex/psnfss\omsztmcm.fd
"
File: omsztmcm.fd 2000/01/03 Fontinst v1.801 font definitions for OMS/ztmcm.
)
LaTeX Font Info:    Trying to load font information for OMX+ztmcm on input line
 82.

("C:\Users\gulli\AppData\Local\Programs\MiKTeX 2.9\tex/latex/psnfss\omxztmcm.fd
"
File: omxztmcm.fd 2000/01/03 Fontinst v1.801 font definitions for OMX/ztmcm.
)
LaTeX Font Info:    Trying to load font information for U+lasy on input line 82
.
 ("C:\Users\gulli\AppData\Local\Programs\MiKTeX 2.9\tex/latex/base\ulasy.fd"
File: ulasy.fd 1998/08/17 v2.2e LaTeX symbol font definitions
)
LaTeX Font Info:    Trying to load font information for OT1+zplm on input line 
82.
("C:\Users\gulli\AppData\Local\Programs\MiKTeX 2.9\tex/latex/psnfss\ot1zplm.fd"
File: ot1zplm.fd 2002/09/08 Fontinst v1.914 font definitions for OT1/zplm.
)
LaTeX Font Info:    Font shape `OT1/ptm/bx/n' in size <14.4> not available
(Font)              Font shape `OT1/ptm/b/n' tried instead on input line 82.
LaTeX Font Info:    Font shape `OT1/ptm/bx/n' in size <10.95> not available
(Font)              Font shape `OT1/ptm/b/n' tried instead on input line 82.
LaTeX Font Info:    Font shape `OT1/ptm/bx/n' in size <8> not available
(Font)              Font shape `OT1/ptm/b/n' tried instead on input line 82.

Overfull \hbox (8.33542pt too wide) in paragraph at lines 94--95
\OT1/ptm/m/n/12 ide-ally by a pull re-quest with cor-rec-tions on GitHub, or el
se by email at gul-liver.harry@gmail.com 
 []

No file M2S1.toc.
\tf@toc=\write4
\openout4 = `M2S1.toc'.

LaTeX Font Info:    Font shape `OT1/ptm/bx/n' in size <12> not available
(Font)              Font shape `OT1/ptm/b/n' tried instead on input line 109.
LaTeX Font Info:    Font shape `OT1/ptm/bx/n' in size <9> not available
(Font)              Font shape `OT1/ptm/b/n' tried instead on input line 109.
LaTeX Font Info:    Font shape `OT1/ptm/bx/n' in size <7> not available
(Font)              Font shape `OT1/ptm/b/n' tried instead on input line 109.
[1{C:/Users/gulli/AppData/Local/MiKTeX/2.9/pdftex/config/pdftex.map}

]
LaTeX Font Info:    Trying to load font information for OMS+ptm on input line 1
50.

("C:\Users\gulli\AppData\Local\Programs\MiKTeX 2.9\tex/latex/psnfss\omsptm.fd"
File: omsptm.fd 
)
LaTeX Font Info:    Font shape `OMS/ptm/m/it' in size <12> not available
(Font)              Font shape `OMS/cmsy/m/n' tried instead on input line 150.

Overfull \hbox (6.88255pt too wide) in paragraph at lines 150--150
[]\OT1/ptm/b/n/12 Example 1.2.2. []\OT1/ptm/m/it/12 When rolling a stan-dard, 6
-faced die, the sam-ple space is the set \OMS/cmsy/m/n/12 f\OT1/ptm/m/it/12 1,2
,3,4,5,6\OMS/cmsy/m/n/12 g 
 []

LaTeX Font Info:    Trying to load font information for U+fplmbb on input line 
182.
("C:\Users\gulli\AppData\Local\Programs\MiKTeX 2.9\tex/latex/psnfss\ufplmbb.fd"
File: ufplmbb.fd 2003/10/30 Fontinst v1.914 font definitions for U/fplmbb.
) [2

] [3]
Overfull \hbox (12.78108pt too wide) in paragraph at lines 233--233
\OT1/ptm/b/n/12 The Ax-iom of Con-ti-nu-ity: \OT1/ptm/m/n/12 Let $\OML/ztmcm/m/
it/12 B[] \OMS/ztmcm/m/n/12 2 B  8\OML/ztmcm/m/it/12 i \OMS/ztmcm/m/n/12 2 \U/f
plmbb/m/n/12 N \OT1/zplm/m/n/12 :   \OML/ztmcm/m/it/12 B[] \OMS/ztmcm/m/n/12  
\OML/ztmcm/m/it/12 B[]  \OMS/ztmcm/m/n/12 8\OML/ztmcm/m/it/12 n[] [] B[] \OT1/z
plm/m/n/12 = \U/msb/m/n/12 ?$ \OT1/ptm/m/n/12 Then $[]\OT1/zplm/m/n/12 [\OML/zt
mcm/m/it/12 P\OT1/zplm/m/n/12 (\OML/ztmcm/m/it/12 B[]\OT1/zplm/m/n/12 )] =
 []

[4] [5] [6] [7]
LaTeX Font Info:    Trying to load font information for TS1+ptm on input line 3
76.

("C:\Users\gulli\AppData\Local\Programs\MiKTeX 2.9\tex/latex/psnfss\ts1ptm.fd"
File: ts1ptm.fd 2001/06/04 font definitions for TS1/ptm.
) [8]
Overfull \hbox (5.7007pt too wide) in paragraph at lines 410--411
[]\OT1/ptm/b/n/12 Definition 2.2.2 \OT1/ptm/m/n/12 (In-de-pen-dence)\OT1/ptm/b/
n/12 . []\OT1/ptm/m/it/12 From the above we can con-struct a con-cept of the $[
]$
 []

[9

] [10] [11]
Overfull \hbox (60.79085pt too wide) in paragraph at lines 516--517
[]\OT1/ptm/b/n/12 Definition 3.2.1 \OT1/ptm/m/n/12 (The Cu-mu-la-tive Dis-tri-b
u-tion Func-tion)\OT1/ptm/b/n/12 . []\OT1/ptm/m/it/12 Given a r.v. $\OML/ztmcm/
m/it/12 X$\OT1/ptm/m/it/12 , the $[]$ $[]$
 []

[12

]
Overfull \hbox (23.30818pt too wide) in paragraph at lines 525--526
[]\OT1/ptm/m/n/12 If a the c.d.f. is also left-continuous, i.e., it is con-tin-
u-ous, we call $\OML/ztmcm/m/it/12 X$ \OT1/ptm/m/n/12 a $[]$.
 []


Overfull \hbox (23.17117pt too wide) in paragraph at lines 555--556
[]\OT1/ptm/b/n/12 Definition 3.2.5 \OT1/ptm/m/n/12 (The Prob-a-bil-ity Mass Fun
c-tion)\OT1/ptm/b/n/12 . []\OT1/ptm/m/it/12 For a dis-crete r.v. $\OML/ztmcm/m/
it/12 X$\OT1/ptm/m/it/12 , the $[]$
 []

[13] [14] [15]
<M2S1 Cauchy Figure.png, id=67, 332.9238pt x 155.1396pt>
File: M2S1 Cauchy Figure.png Graphic file (type png)
<use M2S1 Cauchy Figure.png>
Package pdftex.def Info: M2S1 Cauchy Figure.png  used on input line 641.
(pdftex.def)             Requested size: 290.23064pt x 128.33261pt.
 [16 <C:/Users/gulli/Documents/GitHub/LaTeX-Notes/Statistics/M2S1 Cauchy Figure
.png>]

LaTeX Warning: Reference `Cauchy' on page 17 undefined on input line 679.

[17] [18

]
Overfull \hbox (16.12016pt too wide) in paragraph at lines 750--751
[]\OT1/ptm/b/n/12 Example 4.1.3 \OT1/ptm/m/n/12 (The Ex-pec-ta-tion of a Bi-no-
mial R.V.)\OT1/ptm/b/n/12 . []$ \OML/ztmcm/m/it/12 X \OMS/ztmcm/m/n/12  \OML/z
tmcm/m/it/12 Binomial\OT1/zplm/m/n/12 (\OML/ztmcm/m/it/12 n\OT1/ztmcm/m/n/12 , 
\OML/ztmcm/m/it/12 p\OT1/zplm/m/n/12 )$ \OT1/ptm/m/it/12 s.t.$\OML/ztmcm/m/it/1
2 f[]\OT1/zplm/m/n/12 (\OML/ztmcm/m/it/12 x\OT1/zplm/m/n/12 ) =$ $[]\OML/ztmcm/
m/it/12 C[]p[]\OT1/zplm/m/n/12 (\OT1/ztmcm/m/n/12 1 \OMS/ztmcm/m/n/12  
 []

[19]
Overfull \hbox (7.42041pt too wide) in paragraph at lines 777--778
[]\OT1/ptm/m/n/12 This gives us a use-ful way of es-ti-mat-ing in-te-grals wher
e the in-te-grand can be writ-ten $\OML/ztmcm/m/it/12 f\OT1/zplm/m/n/12 (\OML/z
tmcm/m/it/12 x\OT1/zplm/m/n/12 )\OML/ztmcm/m/it/12 g\OT1/zplm/m/n/12 (\OML/ztmc
m/m/it/12 x\OT1/zplm/m/n/12 )$\OT1/ptm/m/n/12 ,
 []


LaTeX Warning: Reference `importance sampling' on page 20 undefined on input li
ne 787.


LaTeX Warning: Reference `importance sampling' on page 20 undefined on input li
ne 789.

<M2S1 Importance Sampling.png, id=83, 326.6604pt x 359.4228pt>
File: M2S1 Importance Sampling.png Graphic file (type png)
<use M2S1 Importance Sampling.png>
Package pdftex.def Info: M2S1 Importance Sampling.png  used on input line 793.
(pdftex.def)             Requested size: 325.49821pt x 358.517pt.

LaTeX Warning: `h' float specifier changed to `ht'.

[20] [21 <C:/Users/gulli/Documents/GitHub/LaTeX-Notes/Statistics/M2S1 Importanc
e Sampling.png>] [22] [23

] [24] [25] [26]
Overfull \hbox (9.52051pt too wide) in paragraph at lines 966--967
[]\OT1/ptm/m/n/12 The ex-po-nen-tial dis-tri-bu-tion ex-hibits an in-ter-est-in
g and use-ful prop-erty called $[]$.
 []

[27] [28] [29]

LaTeX Warning: Reference `normal approximation' on page 30 undefined on input l
ine 1110.

<M2S1 Normal Approximation.png, id=117, 302.5704pt x 341.5962pt>
File: M2S1 Normal Approximation.png Graphic file (type png)
<use M2S1 Normal Approximation.png>
Package pdftex.def Info: M2S1 Normal Approximation.png  used on input line 1114
.
(pdftex.def)             Requested size: 301.60472pt x 340.57893pt.

LaTeX Warning: `h' float specifier changed to `ht'.

[30] [31 <C:/Users/gulli/Documents/GitHub/LaTeX-Notes/Statistics/M2S1 Normal Ap
proximation.png>]

LaTeX Warning: Reference `Cauchy' on page 32 undefined on input line 1145.

[32] [33]
Overfull \hbox (43.4267pt too wide) in paragraph at lines 1207--1208
[]\OT1/ptm/b/n/12 Definition 6.1.1 \OT1/ptm/m/n/12 (Joint Dis-tri-bu-tion Func-
tions)\OT1/ptm/b/n/12 . []\OT1/ptm/m/it/12 Let $\OML/ztmcm/m/it/12 X$ \OT1/ptm/
m/it/12 and $\OML/ztmcm/m/it/12 Y$ \OT1/ptm/m/it/12 be dis-crete r.v.s. Then th
e $[]$
 []

[34

]

LaTeX Warning: Reference `total prob' on page 35 undefined on input line 1248.


Overfull \hbox (55.86739pt too wide) in paragraph at lines 1272--1273
\OT1/ptm/m/n/12 func-tion of a dis-crete, bi-vari-ate r.v. is sim-ply a prob-a-
bil-ity, we can de-fine the $[]$
 []

[35]

LaTeX Warning: Reference `conditional and independence' on page 36 undefined on
 input line 1297.

LaTeX Font Info:    Font shape `OMS/ptm/m/n' in size <12> not available
(Font)              Font shape `OMS/cmsy/m/n' tried instead on input line 1297.

[36]
! Argument of \textbf  has an extra }.
<inserted text> 
                \par 
l.1362 \end{align*}
                   
? r
OK, entering \nonstopmode...
Runaway argument?
! Paragraph ended before \textbf  was complete.
<to be read again> 
                   \par 
l.1362 \end{align*}
                   
I suspect you've forgotten a `}', causing me to apply this
control sequence to too much text. How can we recover?
My plan is to forget the whole thing and hope for the best.

! Missing } inserted.
<inserted text> 
                }
l.1362 \end{align*}
                   
I've put in what seems to be necessary to fix
the current column of the current alignment.
Try to go on, since this might almost work.

! Extra }, or forgotten $.
<template> }
            $}\ifmeasuring@ \savefieldlength@ \fi \set@field \endtemplate 
l.1362 \end{align*}
                   
I've deleted a group-closing symbol because it seems to be
spurious, as in `$x}$'. But perhaps the } is legitimate and
you forgot something else, as in `\hbox{$x}'. In such cases
the way to recover is to insert both the forgotten and the
deleted material, e.g., by typing `I$}'.

! Argument of \textbf  has an extra }.
<inserted text> 
                \par 
l.1362 \end{align*}
                   
I've run across a `}' that doesn't seem to match anything.
For example, `\def\a#1{...}' and `\a}' would produce
this error. If you simply proceed now, the `\par' that
I've just inserted will cause me to report a runaway
argument that might be the root of the problem. But if
your `}' was spurious, just type `2' and it will go away.

Runaway argument?
! Paragraph ended before \textbf  was complete.
<to be read again> 
                   \par 
l.1362 \end{align*}
                   
I suspect you've forgotten a `}', causing me to apply this
control sequence to too much text. How can we recover?
My plan is to forget the whole thing and hope for the best.

! Missing } inserted.
<inserted text> 
                }
l.1362 \end{align*}
                   
I've put in what seems to be necessary to fix
the current column of the current alignment.
Try to go on, since this might almost work.

! Extra }, or forgotten $.
<template> }
            $}\ifmeasuring@ \savefieldlength@ \fi \set@field \endtemplate 
l.1362 \end{align*}
                   
I've deleted a group-closing symbol because it seems to be
spurious, as in `$x}$'. But perhaps the } is legitimate and
you forgot something else, as in `\hbox{$x}'. In such cases
the way to recover is to insert both the forgotten and the
deleted material, e.g., by typing `I$}'.

[37]

LaTeX Warning: Reference `uncorrelated, dependent' on page 38 undefined on inpu
t line 1364.


LaTeX Warning: Reference `figure uncorrelated, dependent' on page 38 undefined 
on input line 1383.


Overfull \hbox (15.6824pt too wide) in paragraph at lines 1383--1384
[]\OT1/ptm/b/n/12 Example 6.2.4 \OT1/ptm/m/n/12 (Un-cor-re-lated but De-pen-den
t Vari-ables)\OT1/ptm/b/n/12 . []\OT1/ptm/m/it/12 Let $\OML/ztmcm/m/it/12 X \OM
S/ztmcm/m/n/12  \OML/ztmcm/m/it/12 Unif\OT1/zplm/m/n/12 (\OMS/ztmcm/m/n/12  \O
T1/ztmcm/m/n/12 1, \OT1/zplm/m/n/12 +\OT1/ztmcm/m/n/12 1\OT1/zplm/m/n/12 )$\OT1
/ptm/m/it/12 , $\OML/ztmcm/m/it/12 Z \OMS/ztmcm/m/n/12  \OML/ztmcm/m/it/12 Uni
f\OT1/zplm/m/n/12 (\OT1/ztmcm/m/n/12 0, 0.1\OT1/zplm/m/n/12 )$\OT1/ptm/m/it/12 
,
 []

[38]
<M2S1 Uncorrelated but Dependent.png, id=148, 302.0886pt x 302.0886pt>
File: M2S1 Uncorrelated but Dependent.png Graphic file (type png)
<use M2S1 Uncorrelated but Dependent.png>
Package pdftex.def Info: M2S1 Uncorrelated but Dependent.png  used on input lin
e 1412.
(pdftex.def)             Requested size: 301.05531pt x 301.05531pt.
 [39 <C:/Users/gulli/Documents/GitHub/LaTeX-Notes/Statistics/M2S1 Uncorrelated 
but Dependent.png>] [40] [41] [42] [43] [44

] [45

] [46] [47] [48

]

LaTeX Warning: Reference `moments of sums' on page 49 undefined on input line 1
727.


LaTeX Warning: Reference `moments of sums' on page 49 undefined on input line 1
727.

[49]

LaTeX Warning: Reference `sample moments' on page 50 undefined on input line 17
54.

[50] [51]
Overfull \hbox (21.88704pt too wide) in paragraph at lines 1816--1817
[]\OT1/ptm/b/n/12 Definition 9.1.5 \OT1/ptm/m/n/12 (Max-i-mum Like-li-hood Es-t
i-ma-tion)\OT1/ptm/b/n/12 . []\OT1/ptm/m/it/12 Given a s.r.s., the $[]$
 []

[52] [53] [54]

LaTeX Warning: Reference `figure discrete MLE' on page 55 undefined on input li
ne 1890.

<M2S1 Discrete MLE.png, id=200, 328.5pt x 328.5pt>
File: M2S1 Discrete MLE.png Graphic file (type png)
<use M2S1 Discrete MLE.png>
Package pdftex.def Info: M2S1 Discrete MLE.png  used on input line 1894.
(pdftex.def)             Requested size: 199.17668pt x 199.17668pt.
[55 <C:/Users/gulli/Documents/GitHub/LaTeX-Notes/Statistics/M2S1 Discrete MLE.p
ng>] [56]

LaTeX Warning: Reference `envelope' on page 57 undefined on input line 1975.


Overfull \hbox (13.56868pt too wide) in paragraph at lines 1981--1982
[]\OT1/ptm/b/n/12 Example 9.1.11 \OT1/ptm/m/n/12 (Bayesian In-fer-ence in a Bi-
no-mial Dis-tri-bu-tion)\OT1/ptm/b/n/12 . []\OT1/ptm/m/it/12 Sup-pose $\OML/ztm
cm/m/it/12 Y \OMS/ztmcm/m/n/12 j \OT1/zplm/m/n/12  \OMS/ztmcm/m/n/12  \OML/zt
mcm/m/it/12 Binomial\OT1/zplm/m/n/12 (\OML/ztmcm/m/it/12 n\OT1/ztmcm/m/n/12 , \
OML/ztmcm/m/it/12 \OT1/zplm/m/n/12 )$\OT1/ptm/m/it/12 ,
 []

[57]

LaTeX Warning: Reference `iterated expectation' on page 58 undefined on input l
ine 2011.

[58]
LaTeX Font Info:    Trying to load font information for U+eus on input line 204
2.

("C:\Users\gulli\AppData\Local\Programs\MiKTeX 2.9\tex/latex/amsfonts\ueus.fd"
File: ueus.fd 2013/01/14 v3.01 Euler Script
)
Overfull \hbox (2.42874pt too wide) in paragraph at lines 2045--2046
[]\OT1/ptm/m/n/12 We are in-ter-ested in when the in-ter-val $\U/eus/m/n/12 J\O
T1/zplm/m/n/12 (\OML/ztmcm/m/it/12 X\OT1/zplm/m/n/12 )$ \OT1/ptm/m/n/12 con-tai
ns $\OML/ztmcm/m/it/12 $\OT1/ptm/m/n/12 . De-fine $\OMS/ztmcm/m/n/12 I \OT1/zp
lm/m/n/12 = \U/eus/m/n/12 J\OT1/zplm/m/n/12 (\OML/ztmcm/m/it/12 \OT1/zplm/m/n/
12 ) = (\OML/ztmcm/m/it/12  \OMS/ztmcm/m/n/12   \OT1/ztmcm/m/n/12 1.96\OML/ztm
cm/m/it/12 \OT1/ztmcm/m/n/12 , \OML/ztmcm/m/it/12  \OT1/zplm/m/n/12 +
 []

[59]

LaTeX Warning: Reference `confidence intervals' on page 60 undefined on input l
ine 2056.

<M2S1 Confidence Intervals.png, id=219, 347.8596pt x 348.3414pt>
File: M2S1 Confidence Intervals.png Graphic file (type png)
<use M2S1 Confidence Intervals.png>
Package pdftex.def Info: M2S1 Confidence Intervals.png  used on input line 2060
.
(pdftex.def)             Requested size: 284.53546pt x 284.54684pt.
[60 <C:/Users/gulli/Documents/GitHub/LaTeX-Notes/Statistics/M2S1 Confidence Int
ervals.png>]
Overfull \hbox (8.26541pt too wide) in paragraph at lines 2099--2100
[]\OT1/ptm/b/n/12 Example 9.2.2 \OT1/ptm/m/n/12 (Us-ing Piv-ots when Mul-ti-ple
 Pa-ram-e-ters are Un-known)\OT1/ptm/b/n/12 . []\OT1/ptm/m/it/12 Sup-pose $\OML
/ztmcm/m/it/12 X[] [] N\OT1/zplm/m/n/12 (\OML/ztmcm/m/it/12 \OT1/ztmcm/m/n/12 
, \OML/ztmcm/m/it/12 []\OT1/zplm/m/n/12 )$\OT1/ptm/m/it/12 ,
 []

[61]
<M2S1 Jensen's Inequalities.png, id=228, 404.712pt x 377.2494pt>
File: M2S1 Jensen's Inequalities.png Graphic file (type png)
<use M2S1 Jensen's Inequalities.png>
Package pdftex.def Info: M2S1 Jensen's Inequalities.png  used on input line 215
0.
(pdftex.def)             Requested size: 392.66898pt x 365.92572pt.


LaTeX Warning: `h' float specifier changed to `ht'.

[62] [63 <C:/Users/gulli/Documents/GitHub/LaTeX-Notes/Statistics/M2S1 Jensen's 
Inequalities.png>] [64]
Overfull \hbox (37.83694pt too wide) in paragraph at lines 2205--2206
[]\OT1/ptm/b/n/12 Definition 10.1.1 \OT1/ptm/m/n/12 (Con-ver-gence in Dis-tri-b
u-tion)\OT1/ptm/b/n/12 . []\OT1/ptm/m/it/12 A se-quence of r.v.s $\OML/ztmcm/m/
it/12 X[]$ \OT1/ptm/m/it/12 is said to $[]$
 []


Overfull \hbox (45.40694pt too wide) in paragraph at lines 2222--2223
[]\OT1/ptm/b/n/12 Definition 10.1.3 \OT1/ptm/m/n/12 (Mo-ment Gen-er-at-ing Func
-tions)\OT1/ptm/b/n/12 . []\OT1/ptm/m/it/12 Re-call from M1S that the $[]$
 []

[65

] [66] [67]

LaTeX Warning: Reference `mgf properties' on page 68 undefined on input line 23
25.


LaTeX Warning: Reference `mgf properties' on page 68 undefined on input line 23
45.

[68]

LaTeX Warning: Reference `normal approx to bin' on page 69 undefined on input l
ine 2383.

[69]

LaTeX Warning: Reference `order stats' on page 70 undefined on input line 2394.


[70] [71]
Overfull \hbox (69.76807pt too wide) in paragraph at lines 2450--2451
[]\OT1/ptm/b/n/12 Definition 10.3.1 \OT1/ptm/m/n/12 (Con-ver-gence in Prob-a-bi
l-ity)\OT1/ptm/b/n/12 . []\OT1/ptm/m/it/12 A se-quence $\OML/ztmcm/m/it/12 X[]\
OT1/ztmcm/m/n/12 ,  \OML/ztmcm/m/it/12 X[]\OT1/ztmcm/m/n/12 ,  []$ \OT1/ptm/m/i
t/12 of r.v.s is said to $[]$
 []

[72] [73] [74] [75] (M2S1.aux)

LaTeX Warning: There were undefined references.


LaTeX Warning: Label(s) may have changed. Rerun to get cross-references right.

 ) 
Here is how much of TeX's memory you used:
 14373 strings out of 481005
 286280 string characters out of 2900856
 502440 words of memory out of 3000000
 29822 multiletter control sequences out of 15000+200000
 591367 words of font info for 161 fonts, out of 3000000 for 9000
 1141 hyphenation exceptions out of 8191
 60i,18n,60p,1750b,348s stack positions out of 5000i,500n,10000p,200000b,50000s
{C:/Users/gulli/AppData/Local/Programs/MiKTeX 2.9/fonts/enc/dvips/base/8r.enc
}<C:/Users/gulli/AppData/Local/Programs/MiKTeX 2.9/fonts/type1/public/amsfonts/
cm/cmex10.pfb><C:/Users/gulli/AppData/Local/Programs/MiKTeX 2.9/fonts/type1/pub
lic/amsfonts/cm/cmmi10.pfb><C:/Users/gulli/AppData/Local/Programs/MiKTeX 2.9/fo
nts/type1/public/amsfonts/cm/cmr10.pfb><C:/Users/gulli/AppData/Local/Programs/M
iKTeX 2.9/fonts/type1/public/amsfonts/cm/cmsy10.pfb><C:/Users/gulli/AppData/Loc
al/Programs/MiKTeX 2.9/fonts/type1/public/amsfonts/euler/eusm10.pfb><C:/Users/g
ulli/AppData/Local/Programs/MiKTeX 2.9/fonts/type1/public/mathpazo/fplmbb.pfb><
C:/Users/gulli/AppData/Local/Programs/MiKTeX 2.9/fonts/type1/public/mathpazo/fp
lmr.pfb><C:/Users/gulli/AppData/Local/Programs/MiKTeX 2.9/fonts/type1/public/am
sfonts/symbols/msam10.pfb><C:/Users/gulli/AppData/Local/Programs/MiKTeX 2.9/fon
ts/type1/public/amsfonts/symbols/msbm10.pfb><C:/Users/gulli/AppData/Local/Progr
ams/MiKTeX 2.9/fonts/type1/public/rsfs/rsfs10.pfb><C:/Users/gulli/AppData/Local
/Programs/MiKTeX 2.9/fonts/type1/urw/palatino/uplr8a.pfb><C:/Users/gulli/AppDat
a/Local/Programs/MiKTeX 2.9/fonts/type1/urw/symbol/usyr.pfb><C:/Users/gulli/App
Data/Local/Programs/MiKTeX 2.9/fonts/type1/urw/symbol/usyr.pfb><C:/Users/gulli/
AppData/Local/Programs/MiKTeX 2.9/fonts/type1/urw/times/utmb8a.pfb><C:/Users/gu
lli/AppData/Local/Programs/MiKTeX 2.9/fonts/type1/urw/times/utmbi8a.pfb><C:/Use
rs/gulli/AppData/Local/Programs/MiKTeX 2.9/fonts/type1/urw/times/utmr8a.pfb><C:
/Users/gulli/AppData/Local/Programs/MiKTeX 2.9/fonts/type1/urw/times/utmri8a.pf
b>
Output written on M2S1.pdf (75 pages, 640481 bytes).
PDF statistics:
 331 PDF objects out of 1000 (max. 8388607)
 0 named destinations out of 1000 (max. 500000)
 48 words of extra memory for PDF output out of 10000 (max. 10000000)

